[2021-03-31 15:08:43] [info] Start Program:
Path:"E:\\Facultate\\SDA\\WorkingLabs\\Lab3\\Lab3\\Debug\\Lab3.exe"
Arguments:
Working directory: "E:\\Facultate\\SDA\\WorkingLabs\\Lab3\\Lab3\\Lab3\\"
Modules: Selected: E:\Facultate\SDA\WorkingLabs\Lab3\Lab3\Debug\Lab3.exe Excluded: 
Sources: Selected: E:\Facultate\SDA\WorkingLabs\Lab3\Lab3\Lab3 Excluded: 
Log Level: Normal
Cover Children: 0
Aggregate by file: 1
Continue after C++ exception: 0
Optimized build support: 0
Export: binary C:\Users\STF-PC\AppData\Local\Temp\g3ixfpuv.uey 
Input coverage: 
Unified diff: 
Excluded line regular expressions: 
Substitute pdb source paths: 

[2021-03-31 15:08:43] [info] Module: E:\Facultate\SDA\WorkingLabs\Lab3\Lab3\Debug\Lab3.exe is selected because it matches selected pattern: E:\Facultate\SDA\WorkingLabs\Lab3\Lab3\Debug\Lab3.exe
[2021-03-31 15:08:44] [info] ----------------------------------------------------
[2021-03-31 15:08:44] [info] Coverage binary generated in file: C:\Users\STF-PC\AppData\Local\Temp\g3ixfpuv.uey
[2021-03-31 15:08:44] [info] ----------------------------------------------------
